09:06:19.642 [JettyServerThreadPool-28] DEBUG dLog - validating account
09:06:36.751 [JettyServerThreadPool-22] DEBUG dLog - validating account
09:06:50.688 [JettyServerThreadPool-21] DEBUG dLog - validating account
09:10:19.783 [JettyServerThreadPool-16] DEBUG dLog - validating account
09:21:01.927 [JettyServerThreadPool-22] DEBUG dLog - validating account
09:26:57.603 [JettyServerThreadPool-19] DEBUG dLog - validating account
09:28:39.148 [JettyServerThreadPool-35] DEBUG dLog - validating account
09:32:25.018 [JettyServerThreadPool-29] DEBUG dLog - validating account
09:32:33.966 [JettyServerThreadPool-17] DEBUG dLog - validating account
09:53:09.149 [JettyServerThreadPool-21] DEBUG dLog - validating account
09:53:14.443 [JettyServerThreadPool-23] DEBUG dLog - validating account
09:53:21.590 [JettyServerThreadPool-18] DEBUG dLog - validating account
09:53:26.185 [JettyServerThreadPool-23] DEBUG dLog - validating account
09:53:28.372 [JettyServerThreadPool-18] DEBUG dLog - validating account
09:53:29.037 [JettyServerThreadPool-23] DEBUG dLog - validating account
09:55:09.714 [JettyServerThreadPool-32] DEBUG dLog - validating account
09:56:13.266 [JettyServerThreadPool-23] DEBUG dLog - validating account
09:56:36.256 [JettyServerThreadPool-20] DEBUG dLog - validating account
09:57:00.540 [JettyServerThreadPool-19] DEBUG dLog - validating account
09:58:26.014 [JettyServerThreadPool-32] DEBUG dLog - validating account
10:08:10.418 [JettyServerThreadPool-32] DEBUG dLog - validating account
10:17:09.357 [JettyServerThreadPool-16] DEBUG dLog - validating account
10:17:16.420 [JettyServerThreadPool-18] DEBUG dLog - validating account
13:15:08.739 [JettyServerThreadPool-28] DEBUG dLog - validating account
13:51:39.683 [JettyServerThreadPool-18] DEBUG dLog - GET USER
13:52:05.473 [JettyServerThreadPool-22] DEBUG dLog - validating account
13:52:13.443 [JettyServerThreadPool-21] DEBUG dLog - validating account
13:54:30.966 [JettyServerThreadPool-18] DEBUG dLog - validating account
13:55:50.647 [JettyServerThreadPool-22] DEBUG dLog - validating account
13:57:42.192 [JettyServerThreadPool-28] DEBUG dLog - validating account
14:02:07.985 [JettyServerThreadPool-22] DEBUG dLog - validating account
14:03:47.801 [JettyServerThreadPool-19] DEBUG dLog - validating account
14:17:01.108 [JettyServerThreadPool-22] DEBUG dLog - validating account
14:17:04.547 [JettyServerThreadPool-17] DEBUG dLog - validating account
14:18:41.419 [JettyServerThreadPool-21] DEBUG dLog - validating account
14:28:55.377 [JettyServerThreadPool-21] DEBUG dLog - validating account
14:29:15.182 [JettyServerThreadPool-19] DEBUG dLog - validating account
14:29:20.423 [JettyServerThreadPool-22] DEBUG dLog - validating account
14:29:59.647 [JettyServerThreadPool-29] DEBUG dLog - validating account
14:32:55.912 [JettyServerThreadPool-23] DEBUG dLog - validating account
14:32:58.648 [JettyServerThreadPool-23] DEBUG dLog - Invalid credentials
14:34:57.181 [JettyServerThreadPool-23] DEBUG dLog - validating account
14:34:59.474 [JettyServerThreadPool-23] DEBUG dLog - Invalid credentials
14:34:59.573 [JettyServerThreadPool-23] DEBUG dLog - No result from query
14:35:19.526 [JettyServerThreadPool-17] DEBUG dLog - validating account
14:35:19.577 [JettyServerThreadPool-17] DEBUG dLog - Invalid credentials
14:35:19.670 [JettyServerThreadPool-17] DEBUG dLog - No result from query
14:36:10.399 [JettyServerThreadPool-18] DEBUG dLog - validating account
14:36:29.156 [JettyServerThreadPool-18] DEBUG dLog - validating account
14:37:11.922 [JettyServerThreadPool-30] DEBUG dLog - validating account
14:37:12.240 [JettyServerThreadPool-30] DEBUG dLog - Invalid credentials
14:37:12.340 [JettyServerThreadPool-30] DEBUG dLog - No result from query
14:37:19.604 [JettyServerThreadPool-21] DEBUG dLog - validating account
14:37:19.655 [JettyServerThreadPool-21] DEBUG dLog - Invalid credentials
14:37:20.017 [JettyServerThreadPool-21] DEBUG dLog - No result from query
14:37:44.621 [JettyServerThreadPool-30] DEBUG dLog - validating account
14:41:59.699 [JettyServerThreadPool-23] DEBUG dLog - GET USER
14:43:15.407 [JettyServerThreadPool-18] DEBUG dLog - validating account
14:43:20.559 [JettyServerThreadPool-33] DEBUG dLog - GET USER
15:44:42.225 [JettyServerThreadPool-17] DEBUG dLog - validating account
15:47:19.206 [JettyServerThreadPool-28] DEBUG dLog - posting form
15:48:34.783 [JettyServerThreadPool-16] DEBUG dLog - posting form
15:49:27.990 [JettyServerThreadPool-28] DEBUG dLog - posting form
15:51:37.067 [JettyServerThreadPool-16] DEBUG dLog - posting form
16:40:17.721 [JettyServerThreadPool-23] DEBUG dLog - validating account
19:10:12.936 [JettyServerThreadPool-65] DEBUG dLog - GET USER
19:10:12.937 [JettyServerThreadPool-67] DEBUG dLog - posting form
19:10:30.158 [JettyServerThreadPool-64] DEBUG dLog - validating account
19:10:46.697 [JettyServerThreadPool-68] DEBUG dLog - posting form
19:10:46.698 [JettyServerThreadPool-65] DEBUG dLog - GET USER
19:12:05.933 [JettyServerThreadPool-67] DEBUG dLog - posting form
19:12:05.933 [JettyServerThreadPool-68] DEBUG dLog - GET USER
19:12:10.490 [JettyServerThreadPool-62] DEBUG dLog - GET USER
19:12:10.491 [JettyServerThreadPool-65] DEBUG dLog - posting form
19:16:27.642 [JettyServerThreadPool-51] DEBUG dLog - posting form
19:16:27.643 [JettyServerThreadPool-65] DEBUG dLog - GET USER
19:18:59.682 [JettyServerThreadPool-65] DEBUG dLog - GET USER
19:18:59.683 [JettyServerThreadPool-59] DEBUG dLog - posting form
19:20:22.030 [JettyServerThreadPool-59] DEBUG dLog - posting form
19:20:22.030 [JettyServerThreadPool-68] DEBUG dLog - GET USER
19:20:27.877 [JettyServerThreadPool-65] DEBUG dLog - GET USER
19:20:27.878 [JettyServerThreadPool-59] DEBUG dLog - posting form
19:20:57.608 [JettyServerThreadPool-65] DEBUG dLog - posting form
19:20:57.610 [JettyServerThreadPool-72] DEBUG dLog - GET USER
19:21:03.512 [JettyServerThreadPool-51] DEBUG dLog - GET USER
19:21:03.513 [JettyServerThreadPool-49] DEBUG dLog - posting form
19:21:17.628 [JettyServerThreadPool-65] DEBUG dLog - GET USER
19:21:17.630 [JettyServerThreadPool-72] DEBUG dLog - posting form
20:05:00.695 [JettyServerThreadPool-67] DEBUG dLog - validating account
20:05:13.343 [JettyServerThreadPool-68] DEBUG dLog - GET USER
20:05:13.343 [JettyServerThreadPool-77] DEBUG dLog - posting form
20:06:41.759 [JettyServerThreadPool-77] DEBUG dLog - GET USER
20:06:41.759 [JettyServerThreadPool-76] DEBUG dLog - posting form
20:08:08.584 [JettyServerThreadPool-59] DEBUG dLog - GET USER
20:08:08.585 [JettyServerThreadPool-67] DEBUG dLog - posting form
20:08:24.595 [JettyServerThreadPool-68] DEBUG dLog - GET USER
20:08:24.597 [JettyServerThreadPool-67] DEBUG dLog - posting form
20:08:35.533 [JettyServerThreadPool-59] DEBUG dLog - GET USER
20:08:35.535 [JettyServerThreadPool-74] DEBUG dLog - posting form
20:09:58.498 [JettyServerThreadPool-74] DEBUG dLog - GET USER
20:10:23.904 [JettyServerThreadPool-28] DEBUG dLog - GET USER
20:10:31.297 [JettyServerThreadPool-18] DEBUG dLog - validating account
20:10:37.068 [JettyServerThreadPool-23] DEBUG dLog - GET USER
20:13:28.845 [JettyServerThreadPool-23] DEBUG dLog - GET USER
20:13:28.845 [JettyServerThreadPool-20] DEBUG dLog - posting form
20:13:32.103 [JettyServerThreadPool-29] DEBUG dLog - GET USER
20:13:32.104 [JettyServerThreadPool-23] DEBUG dLog - posting form
20:13:34.332 [JettyServerThreadPool-32] DEBUG dLog - GET USER
20:13:34.333 [JettyServerThreadPool-29] DEBUG dLog - posting form
20:13:49.402 [JettyServerThreadPool-32] DEBUG dLog - GET USER
20:13:49.402 [JettyServerThreadPool-22] DEBUG dLog - posting form
20:13:57.163 [JettyServerThreadPool-29] DEBUG dLog - GET USER
20:13:57.164 [JettyServerThreadPool-32] DEBUG dLog - posting form
20:14:08.681 [JettyServerThreadPool-22] DEBUG dLog - GET USER
20:14:08.682 [JettyServerThreadPool-32] DEBUG dLog - posting form
20:14:12.206 [JettyServerThreadPool-22] DEBUG dLog - GET USER
20:14:38.089 [JettyServerThreadPool-23] DEBUG dLog - GET USER
20:15:45.601 [JettyServerThreadPool-21] DEBUG dLog - GET USER
20:15:54.821 [JettyServerThreadPool-17] DEBUG dLog - GET USER
20:15:55.839 [JettyServerThreadPool-16] DEBUG dLog - posting form
20:17:00.717 [JettyServerThreadPool-16] DEBUG dLog - GET USER
20:17:01.784 [JettyServerThreadPool-34] DEBUG dLog - posting form
20:18:01.841 [JettyServerThreadPool-32] DEBUG dLog - posting form
20:18:03.927 [JettyServerThreadPool-34] DEBUG dLog - GET USER
20:18:04.747 [JettyServerThreadPool-29] DEBUG dLog - posting form
20:18:22.151 [JettyServerThreadPool-34] DEBUG dLog - GET USER
20:18:23.393 [JettyServerThreadPool-29] DEBUG dLog - posting form
20:25:12.873 [JettyServerThreadPool-29] DEBUG dLog - GET USER
20:25:13.708 [JettyServerThreadPool-33] DEBUG dLog - posting form
20:25:16.512 [JettyServerThreadPool-29] DEBUG dLog - posting form
20:25:39.563 [JettyServerThreadPool-33] DEBUG dLog - posting form
20:25:47.386 [JettyServerThreadPool-17] DEBUG dLog - posting form
20:28:06.657 [JettyServerThreadPool-21] DEBUG dLog - GET USER
20:33:32.922 [JettyServerThreadPool-28] DEBUG dLog - validating account
20:40:51.548 [JettyServerThreadPool-28] DEBUG dLog - GET USER
20:40:51.549 [JettyServerThreadPool-19] DEBUG dLog - posting form
20:42:15.385 [JettyServerThreadPool-19] DEBUG dLog - GET USER
20:42:15.386 [JettyServerThreadPool-18] DEBUG dLog - posting form
20:42:18.063 [JettyServerThreadPool-22] DEBUG dLog - GET USER
20:42:18.064 [JettyServerThreadPool-18] DEBUG dLog - posting form
20:42:54.269 [JettyServerThreadPool-35] DEBUG dLog - GET USER
20:42:54.270 [JettyServerThreadPool-20] DEBUG dLog - posting form
20:45:06.519 [JettyServerThreadPool-19] DEBUG dLog - GET USER
20:51:55.448 [JettyServerThreadPool-23] DEBUG dLog - validating account
20:52:07.010 [JettyServerThreadPool-22] DEBUG dLog - GET USER
20:52:07.011 [JettyServerThreadPool-20] DEBUG dLog - posting form
20:52:23.223 [JettyServerThreadPool-18] DEBUG dLog - GET USER
20:52:23.224 [JettyServerThreadPool-20] DEBUG dLog - posting form
20:56:22.466 [JettyServerThreadPool-31] DEBUG dLog - GET USER
20:56:22.467 [JettyServerThreadPool-30] DEBUG dLog - posting form
20:56:39.279 [JettyServerThreadPool-28] DEBUG dLog - GET USER
20:56:39.279 [JettyServerThreadPool-22] DEBUG dLog - posting form
21:03:06.763 [JettyServerThreadPool-19] DEBUG dLog - GET USER
21:03:06.763 [JettyServerThreadPool-16] DEBUG dLog - posting form
21:03:08.721 [JettyServerThreadPool-23] DEBUG dLog - GET USER
21:03:09.495 [JettyServerThreadPool-18] DEBUG dLog - GET USER
21:03:09.496 [JettyServerThreadPool-23] DEBUG dLog - posting form
21:03:13.617 [JettyServerThreadPool-18] DEBUG dLog - GET USER
21:03:13.618 [JettyServerThreadPool-23] DEBUG dLog - posting form
21:03:14.286 [JettyServerThreadPool-18] DEBUG dLog - GET USER
21:03:14.287 [JettyServerThreadPool-17] DEBUG dLog - posting form
21:04:30.474 [JettyServerThreadPool-16] DEBUG dLog - GET USER
21:04:31.280 [JettyServerThreadPool-19] DEBUG dLog - GET USER
21:04:31.282 [JettyServerThreadPool-16] DEBUG dLog - posting form
21:04:32.146 [JettyServerThreadPool-19] DEBUG dLog - GET USER
21:04:32.148 [JettyServerThreadPool-16] DEBUG dLog - posting form
21:04:32.307 [JettyServerThreadPool-19] DEBUG dLog - GET USER
21:04:32.308 [JettyServerThreadPool-17] DEBUG dLog - posting form
21:04:32.473 [JettyServerThreadPool-16] DEBUG dLog - GET USER
21:04:32.474 [JettyServerThreadPool-17] DEBUG dLog - posting form
21:05:21.198 [JettyServerThreadPool-18] DEBUG dLog - GET USER
21:05:22.032 [JettyServerThreadPool-32] DEBUG dLog - posting form
21:05:45.968 [JettyServerThreadPool-17] DEBUG dLog - GET USER
21:05:46.707 [JettyServerThreadPool-33] DEBUG dLog - posting form
21:06:12.995 [JettyServerThreadPool-17] DEBUG dLog - posting form
21:06:14.527 [JettyServerThreadPool-23] DEBUG dLog - GET USER
21:06:15.474 [JettyServerThreadPool-17] DEBUG dLog - posting form
21:07:42.134 [JettyServerThreadPool-33] DEBUG dLog - GET USER
21:07:43.332 [JettyServerThreadPool-21] DEBUG dLog - posting form
21:07:56.909 [JettyServerThreadPool-33] DEBUG dLog - validating account
21:08:00.876 [JettyServerThreadPool-33] DEBUG dLog - GET USER
21:08:13.956 [JettyServerThreadPool-33] DEBUG dLog - posting form
21:09:56.372 [JettyServerThreadPool-19] DEBUG dLog - posting form
21:11:58.833 [JettyServerThreadPool-17] DEBUG dLog - posting form
21:21:04.865 [JettyServerThreadPool-31] DEBUG dLog - posting form
21:21:10.192 [JettyServerThreadPool-16] DEBUG dLog - validating account
21:23:10.661 [JettyServerThreadPool-29] DEBUG dLog - validating account
21:29:17.054 [JettyServerThreadPool-18] DEBUG dLog - validating account
21:30:07.786 [JettyServerThreadPool-28] DEBUG dLog - validating account
21:30:43.910 [JettyServerThreadPool-17] DEBUG dLog - validating account
21:34:56.411 [JettyServerThreadPool-18] DEBUG dLog - GET USER
21:34:56.411 [JettyServerThreadPool-37] DEBUG dLog - posting form
21:35:17.278 [JettyServerThreadPool-18] DEBUG dLog - GET USER
21:35:17.280 [JettyServerThreadPool-37] DEBUG dLog - posting form
21:35:17.860 [JettyServerThreadPool-28] DEBUG dLog - GET USER
21:35:17.861 [JettyServerThreadPool-17] DEBUG dLog - posting form
21:35:18.031 [JettyServerThreadPool-18] DEBUG dLog - GET USER
21:35:18.033 [JettyServerThreadPool-37] DEBUG dLog - posting form
21:35:18.214 [JettyServerThreadPool-18] DEBUG dLog - GET USER
21:35:18.215 [JettyServerThreadPool-37] DEBUG dLog - posting form
21:36:46.523 [JettyServerThreadPool-23] DEBUG dLog - GET USER
21:36:46.524 [JettyServerThreadPool-29] DEBUG dLog - posting form
21:36:48.533 [JettyServerThreadPool-36] DEBUG dLog - GET USER
21:36:48.534 [JettyServerThreadPool-29] DEBUG dLog - posting form
21:39:12.384 [JettyServerThreadPool-23] DEBUG dLog - posting form
21:44:12.511 [JettyServerThreadPool-23] DEBUG dLog - validating account
21:45:47.482 [JettyServerThreadPool-16] DEBUG dLog - validating account
21:45:48.248 [JettyServerThreadPool-21] DEBUG dLog - GET USER
21:48:40.927 [JettyServerThreadPool-19] DEBUG dLog - validating account
21:50:50.291 [JettyServerThreadPool-16] DEBUG dLog - validating account
21:52:25.358 [JettyServerThreadPool-31] DEBUG dLog - validating account
22:03:23.471 [JettyServerThreadPool-22] DEBUG dLog - validating account
22:03:41.426 [JettyServerThreadPool-23] DEBUG dLog - validating account
22:03:45.695 [JettyServerThreadPool-17] DEBUG dLog - validating account
22:03:46.754 [JettyServerThreadPool-18] DEBUG dLog - validating account
22:04:00.132 [JettyServerThreadPool-22] DEBUG dLog - validating account
23:13:52.347 [JettyServerThreadPool-20] DEBUG dLog - validating account
23:13:56.565 [JettyServerThreadPool-39] DEBUG dLog - validating account
23:15:15.045 [JettyServerThreadPool-39] DEBUG dLog - GET USER
23:15:18.972 [JettyServerThreadPool-39] DEBUG dLog - posting form
23:16:08.609 [JettyServerThreadPool-16] DEBUG dLog - GET USER
23:16:10.029 [JettyServerThreadPool-20] DEBUG dLog - posting form
23:16:24.303 [JettyServerThreadPool-16] DEBUG dLog - validating account
23:16:27.996 [JettyServerThreadPool-16] DEBUG dLog - GET USER
23:16:32.361 [JettyServerThreadPool-40] DEBUG dLog - posting form
23:17:41.084 [JettyServerThreadPool-32] DEBUG dLog - posting form
23:17:43.427 [JettyServerThreadPool-40] DEBUG dLog - GET USER
23:17:44.269 [JettyServerThreadPool-16] DEBUG dLog - posting form
23:18:21.266 [JettyServerThreadPool-20] DEBUG dLog - GET USER
23:18:22.566 [JettyServerThreadPool-31] DEBUG dLog - posting form
23:18:59.698 [JettyServerThreadPool-39] DEBUG dLog - GET USER
23:19:01.312 [JettyServerThreadPool-23] DEBUG dLog - posting form
23:20:42.032 [JettyServerThreadPool-31] DEBUG dLog - GET USER
23:20:43.820 [JettyServerThreadPool-40] DEBUG dLog - posting form
23:21:20.710 [JettyServerThreadPool-32] DEBUG dLog - posting form
23:21:25.470 [JettyServerThreadPool-16] DEBUG dLog - GET USER
23:21:26.397 [JettyServerThreadPool-23] DEBUG dLog - posting form
23:21:47.428 [JettyServerThreadPool-40] DEBUG dLog - GET USER
23:21:48.390 [JettyServerThreadPool-49] DEBUG dLog - posting form
23:22:26.963 [JettyServerThreadPool-46] DEBUG dLog - posting form
23:22:28.737 [JettyServerThreadPool-49] DEBUG dLog - GET USER
23:22:29.681 [JettyServerThreadPool-45] DEBUG dLog - posting form
23:23:10.111 [JettyServerThreadPool-46] DEBUG dLog - GET USER
23:23:11.232 [JettyServerThreadPool-39] DEBUG dLog - posting form
23:24:02.122 [JettyServerThreadPool-32] DEBUG dLog - validating account
23:24:05.987 [JettyServerThreadPool-46] DEBUG dLog - GET USER
23:24:58.089 [JettyServerThreadPool-32] DEBUG dLog - GET USER
23:25:01.660 [JettyServerThreadPool-49] DEBUG dLog - posting form
23:25:42.135 [JettyServerThreadPool-39] DEBUG dLog - GET USER
23:25:43.145 [JettyServerThreadPool-31] DEBUG dLog - posting form
23:26:25.147 [JettyServerThreadPool-23] DEBUG dLog - GET USER
23:26:25.154 [JettyServerThreadPool-50] DEBUG dLog - GET USER
23:26:29.847 [JettyServerThreadPool-23] DEBUG dLog - posting form
23:28:13.666 [JettyServerThreadPool-40] DEBUG dLog - posting form
23:28:18.117 [JettyServerThreadPool-46] DEBUG dLog - posting form
23:29:40.642 [JettyServerThreadPool-31] DEBUG dLog - posting form
23:30:38.242 [JettyServerThreadPool-46] DEBUG dLog - posting form
23:30:42.867 [JettyServerThreadPool-23] DEBUG dLog - posting form
23:30:55.623 [JettyServerThreadPool-23] DEBUG dLog - validating account
23:30:58.900 [JettyServerThreadPool-31] DEBUG dLog - GET USER
23:31:01.650 [JettyServerThreadPool-52] DEBUG dLog - posting form
23:32:04.197 [JettyServerThreadPool-52] DEBUG dLog - posting form
23:32:20.706 [JettyServerThreadPool-54] DEBUG dLog - GET USER
23:32:21.483 [JettyServerThreadPool-55] DEBUG dLog - posting form
23:32:24.027 [JettyServerThreadPool-54] DEBUG dLog - posting form
23:32:25.164 [JettyServerThreadPool-55] DEBUG dLog - posting form
23:33:24.938 [JettyServerThreadPool-40] DEBUG dLog - posting form
23:37:03.588 [JettyServerThreadPool-31] DEBUG dLog - GET USER
23:37:29.212 [JettyServerThreadPool-55] DEBUG dLog - GET USER
23:37:42.441 [JettyServerThreadPool-23] DEBUG dLog - GET USER
23:37:44.333 [JettyServerThreadPool-50] DEBUG dLog - posting form
23:38:00.870 [JettyServerThreadPool-31] DEBUG dLog - GET USER
23:38:02.800 [JettyServerThreadPool-23] DEBUG dLog - posting form
23:38:17.542 [JettyServerThreadPool-31] DEBUG dLog - posting form
23:38:21.616 [JettyServerThreadPool-23] DEBUG dLog - posting form
23:38:27.290 [JettyServerThreadPool-31] DEBUG dLog - posting form
23:38:45.840 [JettyServerThreadPool-22] DEBUG dLog - GET USER
23:38:53.392 [JettyServerThreadPool-18] DEBUG dLog - validating account
23:39:01.205 [JettyServerThreadPool-28] DEBUG dLog - GET USER
23:39:05.280 [JettyServerThreadPool-23] DEBUG dLog - posting form
23:39:40.789 [JettyServerThreadPool-28] DEBUG dLog - posting form
23:46:29.000 [JettyServerThreadPool-17] DEBUG dLog - GET USER
23:46:32.534 [JettyServerThreadPool-29] DEBUG dLog - posting form
23:46:39.379 [JettyServerThreadPool-17] DEBUG dLog - posting form
23:47:19.049 [JettyServerThreadPool-20] DEBUG dLog - GET USER
23:47:20.646 [JettyServerThreadPool-21] DEBUG dLog - posting form
23:49:42.690 [JettyServerThreadPool-34] DEBUG dLog - GET USER
23:49:56.270 [JettyServerThreadPool-34] DEBUG dLog - GET USER
23:50:52.200 [JettyServerThreadPool-34] DEBUG dLog - GET USER
23:50:54.100 [JettyServerThreadPool-36] DEBUG dLog - posting form
23:53:47.001 [JettyServerThreadPool-17] DEBUG dLog - GET USER
23:53:48.000 [JettyServerThreadPool-34] DEBUG dLog - posting form
23:55:46.069 [JettyServerThreadPool-23] DEBUG dLog - GET USER
23:55:47.061 [JettyServerThreadPool-20] DEBUG dLog - submitReimbursement Handler
